OpenCV-android-sdk/samples/image-manipulations/build/outputs/logs/manifest-merger-debug-report.txt
-- Merging decision tree log ---
manifest
ADDED from samples\image-manipulations\AndroidManifest.xml:2:1-34:12
INJECTED from samples\image-manipulations\AndroidManifest.xml:2:1-34:12
INJECTED from samples\image-manipulations\AndroidManifest.xml:2:1-34:12
INJECTED from samples\image-manipulations\AndroidManifest.xml:2:1-34:12
MERGED from [:opencv] AndroidManifest.xml:2:1-11:12
INJECTED from samples\image-manipulations\AndroidManifest.xml:2:1-34:12
INJECTED from samples\image-manipulations\AndroidManifest.xml:2:1-34:12
INJECTED from samples\image-manipulations\AndroidManifest.xml:2:1-34:12
	package
		ADDED from samples\image-manipulations\AndroidManifest.xml:3:11-58
		INJECTED from samples\image-manipulations\AndroidManifest.xml
		INJECTED from samples\image-manipulations\AndroidManifest.xml
	android:versionName
		INJECTED from samples\image-manipulations\AndroidManifest.xml
		ADDED from samples\image-manipulations\AndroidManifest.xml:2:1-34:12
		INJECTED from samples\image-manipulations\AndroidManifest.xml
	android:versionCode
		INJECTED from samples\image-manipulations\AndroidManifest.xml
		ADDED from samples\image-manipulations\AndroidManifest.xml:2:1-34:12
		INJECTED from samples\image-manipulations\AndroidManifest.xml
	xmlns:android
		ADDED from samples\image-manipulations\AndroidManifest.xml:2:11-69
application
ADDED from samples\image-manipulations\AndroidManifest.xml:6:5-19:19
	android:label
		ADDED from samples\image-manipulations\AndroidManifest.xml:7:9-41
	android:icon
		ADDED from samples\image-manipulations\AndroidManifest.xml:8:9-38
activity#org.opencv.samples.imagemanipulations.ImageManipulationsActivity
ADDED from samples\image-manipulations\AndroidManifest.xml:10:9-18:20
	android:screenOrientation
		ADDED from samples\image-manipulations\AndroidManifest.xml:12:19-56
	android:label
		ADDED from samples\image-manipulations\AndroidManifest.xml:11:19-51
	android:configChanges
		ADDED from samples\image-manipulations\AndroidManifest.xml:13:19-69
	android:name
		ADDED from samples\image-manipulations\AndroidManifest.xml:10:19-60
intent-filter#action:name:android.intent.action.MAIN+category:name:android.intent.category.LAUNCHER
ADDED from samples\image-manipulations\AndroidManifest.xml:14:13-17:29
action#android.intent.action.MAIN
ADDED from samples\image-manipulations\AndroidManifest.xml:15:17-69
	android:name
		ADDED from samples\image-manipulations\AndroidManifest.xml:15:25-66
category#android.intent.category.LAUNCHER
ADDED from samples\image-manipulations\AndroidManifest.xml:16:17-77
	android:name
		ADDED from samples\image-manipulations\AndroidManifest.xml:16:27-74
supports-screens
ADDED from samples\image-manipulations\AndroidManifest.xml:21:5-25:51
	android:largeScreens
		ADDED from samples\image-manipulations\AndroidManifest.xml:24:23-50
	android:smallScreens
		ADDED from samples\image-manipulations\AndroidManifest.xml:22:23-50
	android:normalScreens
		ADDED from samples\image-manipulations\AndroidManifest.xml:23:23-51
	android:resizeable
		ADDED from samples\image-manipulations\AndroidManifest.xml:21:23-48
	android:anyDensity
		ADDED from samples\image-manipulations\AndroidManifest.xml:25:23-48
uses-permission#android.permission.CAMERA
ADDED from samples\image-manipulations\AndroidManifest.xml:27:5-64
	android:name
		ADDED from samples\image-manipulations\AndroidManifest.xml:27:22-62
uses-feature#android.hardware.camera
ADDED from samples\image-manipulations\AndroidManifest.xml:29:5-84
	android:required
		ADDED from samples\image-manipulations\AndroidManifest.xml:29:58-82
	android:name
		ADDED from samples\image-manipulations\AndroidManifest.xml:29:19-57
uses-feature#android.hardware.camera.autofocus
ADDED from samples\image-manipulations\AndroidManifest.xml:30:5-94
	android:required
		ADDED from samples\image-manipulations\AndroidManifest.xml:30:68-92
	android:name
		ADDED from samples\image-manipulations\AndroidManifest.xml:30:19-67
uses-feature#android.hardware.camera.front
ADDED from samples\image-manipulations\AndroidManifest.xml:31:5-90
	android:required
		ADDED from samples\image-manipulations\AndroidManifest.xml:31:64-88
	android:name
		ADDED from samples\image-manipulations\AndroidManifest.xml:31:19-63
uses-feature#android.hardware.camera.front.autofocus
ADDED from samples\image-manipulations\AndroidManifest.xml:32:5-100
	android:required
		ADDED from samples\image-manipulations\AndroidManifest.xml:32:74-98
	android:name
		ADDED from samples\image-manipulations\AndroidManifest.xml:32:19-73
uses-sdk
INJECTED from samples\image-manipulations\AndroidManifest.xml reason: use-sdk injection requested
INJECTED from samples\image-manipulations\AndroidManifest.xml
INJECTED from samples\image-manipulations\AndroidManifest.xml
MERGED from [:opencv] AndroidManifest.xml:7:5-9:41
MERGED from [:opencv] AndroidManifest.xml:7:5-9:41
INJECTED from samples\image-manipulations\AndroidManifest.xml
INJECTED from samples\image-manipulations\AndroidManifest.xml
	android:targetSdkVersion
		INJECTED from samples\image-manipulations\AndroidManifest.xml
		ADDED from samples\image-manipulations\AndroidManifest.xml
		INJECTED from samples\image-manipulations\AndroidManifest.xml
	android:minSdkVersion
		INJECTED from samples\image-manipulations\AndroidManifest.xml
		ADDED from samples\image-manipulations\AndroidManifest.xml
		INJECTED from samples\image-manipulations\AndroidManifest.xml